  stdafx.cpp
  Lab04_Ex03.cpp
e:\dhmt\bt_lab04\lab04_ex01\lab04_ex03\lab04_ex03.cpp(162): warning C4305: 'argument': truncation from 'double' to 'GLfloat'
e:\dhmt\bt_lab04\lab04_ex01\lab04_ex03\lab04_ex03.cpp(163): warning C4305: 'argument': truncation from 'double' to 'GLfloat'
e:\dhmt\bt_lab04\lab04_ex01\lab04_ex03\lab04_ex03.cpp(171): warning C4305: 'argument': truncation from 'double' to 'GLfloat'
e:\dhmt\bt_lab04\lab04_ex01\lab04_ex03\lab04_ex03.cpp(181): warning C4305: 'argument': truncation from 'double' to 'GLfloat'
e:\dhmt\bt_lab04\lab04_ex01\lab04_ex03\lab04_ex03.cpp(189): warning C4305: 'argument': truncation from 'double' to 'GLfloat'
e:\dhmt\bt_lab04\lab04_ex01\lab04_ex03\lab04_ex03.cpp(197): warning C4305: 'argument': truncation from 'double' to 'GLfloat'
e:\dhmt\bt_lab04\lab04_ex01\lab04_ex03\lab04_ex03.cpp(205): warning C4305: 'argument': truncation from 'double' to 'GLfloat'
e:\dhmt\bt_lab04\lab04_ex01\lab04_ex03\lab04_ex03.cpp(213): warning C4305: 'argument': truncation from 'double' to 'GLfloat'
e:\dhmt\bt_lab04\lab04_ex01\lab04_ex03\lab04_ex03.cpp(221): warning C4305: 'argument': truncation from 'double' to 'GLfloat'
e:\dhmt\bt_lab04\lab04_ex01\lab04_ex03\lab04_ex03.cpp(321): warning C4305: 'argument': truncation from 'double' to 'GLfloat'
e:\dhmt\bt_lab04\lab04_ex01\lab04_ex03\lab04_ex03.cpp(324): warning C4305: 'argument': truncation from 'double' to 'GLfloat'
e:\dhmt\bt_lab04\lab04_ex01\lab04_ex03\lab04_ex03.cpp(341): warning C4305: 'argument': truncation from 'double' to 'GLfloat'
e:\dhmt\bt_lab04\lab04_ex01\lab04_ex03\lab04_ex03.cpp(364): warning C4305: 'argument': truncation from 'double' to 'GLfloat'
e:\dhmt\bt_lab04\lab04_ex01\lab04_ex03\lab04_ex03.cpp(367): warning C4305: 'argument': truncation from 'double' to 'GLfloat'
e:\dhmt\bt_lab04\lab04_ex01\lab04_ex03\lab04_ex03.cpp(373): warning C4305: 'argument': truncation from 'double' to 'GLfloat'
e:\dhmt\bt_lab04\lab04_ex01\lab04_ex03\lab04_ex03.cpp(376): warning C4305: 'argument': truncation from 'double' to 'GLfloat'
e:\dhmt\bt_lab04\lab04_ex01\lab04_ex03\lab04_ex03.cpp(382): warning C4305: 'argument': truncation from 'double' to 'GLfloat'
e:\dhmt\bt_lab04\lab04_ex01\lab04_ex03\lab04_ex03.cpp(397): warning C4305: 'argument': truncation from 'double' to 'GLfloat'
e:\dhmt\bt_lab04\lab04_ex01\lab04_ex03\lab04_ex03.cpp(411): warning C4305: 'argument': truncation from 'double' to 'GLfloat'
e:\dhmt\bt_lab04\lab04_ex01\lab04_ex03\lab04_ex03.cpp(437): warning C4244: 'return': conversion from 'double' to 'float', possible loss of data
e:\dhmt\bt_lab04\lab04_ex01\lab04_ex03\lab04_ex03.cpp(441): warning C4244: 'initializing': conversion from 'double' to 'GLfloat', possible loss of data
e:\dhmt\bt_lab04\lab04_ex01\lab04_ex03\lab04_ex03.cpp(459): warning C4244: 'argument': conversion from 'time_t' to 'unsigned int', possible loss of data
e:\dhmt\bt_lab04\lab04_ex01\lab04_ex03\lab04_ex03.cpp(460): warning C4244: '=': conversion from 'int' to 'GLfloat', possible loss of data
e:\dhmt\bt_lab04\lab04_ex01\lab04_ex03\lab04_ex03.cpp(461): warning C4244: '=': conversion from 'int' to 'GLfloat', possible loss of data
e:\dhmt\bt_lab04\lab04_ex01\lab04_ex03\lab04_ex03.cpp(462): warning C4244: '=': conversion from 'int' to 'GLfloat', possible loss of data
  Lab04_Ex03.vcxproj -> E:\DHMT\BT_Lab04\Lab04_Ex01\Debug\Lab04_Ex03.exe
  Lab04_Ex03.vcxproj -> E:\DHMT\BT_Lab04\Lab04_Ex01\Debug\Lab04_Ex03.pdb (Full PDB)
